2024-09-02 17:06:18,825 - db_helper - INFO - fetch_expenses_for_date called with 2024-08-01
2024-09-02 17:06:19,085 - db_helper - INFO - fetch_expense_summary called with start: 2024-08-01 end: 2024-08-05
2024-09-02 17:06:47,394 - db_helper - INFO - fetch_expenses_for_date called with 2024-09-30
2024-09-02 17:06:47,463 - db_helper - INFO - fetch_expense_summary called with start: 2024-08-01 end: 2024-08-05
2024-09-02 17:07:46,664 - db_helper - INFO - fetch_expenses_for_date called with 2024-09-30
2024-09-02 17:07:46,707 - db_helper - INFO - fetch_expense_summary called with start: 2024-08-01 end: 2024-08-05
2024-09-02 17:12:07,162 - db_helper - INFO - fetch_expenses_for_date called with 2024-08-01
2024-09-02 17:12:34,865 - db_helper - INFO - delete_expenses_for_date called with 2024-08-28
2024-09-02 17:12:34,893 - db_helper - INFO - insert_expense called with date: 2024-08-28, amount: 23.0, category: Shopping, notes: Bought a mercedez car
2024-09-03 13:09:25,792 - db_helper - INFO - fetch_expenses_for_date called with 2024-08-02
2024-09-03 13:14:13,453 - db_helper - INFO - fetch_expenses_for_date called with 2024-08-02
2024-09-03 13:14:40,070 - db_helper - INFO - fetch_expenses_for_date called with 2024-08-02
2024-09-03 13:15:46,497 - db_helper - INFO - fetch_expenses_for_date called with 2024-08-02
2024-09-03 13:16:01,748 - db_helper - INFO - fetch_expenses_for_date called with 2024-08-02
2024-09-03 13:18:09,655 - db_helper - INFO - fetch_expenses_for_date called with 2024-08-01
2024-09-03 13:19:12,044 - db_helper - INFO - fetch_expenses_for_date called with 2024-08-01
2024-09-03 13:20:07,878 - db_helper - INFO - fetch_expenses_for_date called with 2024-08-01
2024-09-03 13:20:18,908 - db_helper - INFO - fetch_expenses_for_date called with 2024-08-01
2024-09-03 13:23:28,920 - db_helper - INFO - fetch_expenses_for_date called with 2024-08-01
2024-09-03 13:24:40,488 - db_helper - INFO - fetch_expenses_for_date called with 2024-08-01
2024-09-03 13:24:42,618 - db_helper - INFO - delete_expenses_for_date called with 2024-08-01
2024-09-03 13:24:42,647 - db_helper - INFO - insert_expense called with date: 2024-08-01, amount: 1340.0, category: Rent, notes: Monthly rent payment
2024-09-03 13:24:42,658 - db_helper - INFO - insert_expense called with date: 2024-08-01, amount: 300.0, category: Food, notes: Groceries for the week
2024-09-03 13:24:42,664 - db_helper - INFO - insert_expense called with date: 2024-08-01, amount: 1200.0, category: Rent, notes: Monthly rent payment
2024-09-03 13:24:42,670 - db_helper - INFO - insert_expense called with date: 2024-08-01, amount: 300.0, category: Food, notes: Groceries for the week
2024-09-03 13:24:42,675 - db_helper - INFO - insert_expense called with date: 2024-08-01, amount: 20.0, category: Shopping, notes: Bought dairy milk chocolate
2024-09-03 13:25:30,234 - db_helper - INFO - fetch_expenses_for_date called with 2024-08-01
2024-09-03 13:25:35,277 - db_helper - INFO - fetch_expenses_for_date called with 2024-08-02
2024-09-03 13:25:39,836 - db_helper - INFO - fetch_expenses_for_date called with 2024-08-16
2024-09-03 13:41:40,040 - db_helper - INFO - fetch_expenses_for_date called with 2024-08-02
2024-09-03 13:42:43,656 - db_helper - INFO - fetch_expenses_for_date called with 2024-08-02
2024-09-03 13:43:46,494 - db_helper - INFO - fetch_expenses_for_date called with 2024-08-02
2024-09-03 13:43:51,431 - db_helper - INFO - fetch_expenses_for_date called with 2024-08-01
2024-09-03 13:43:55,008 - db_helper - INFO - fetch_expenses_for_date called with 2024-08-01
2024-09-03 13:49:44,387 - db_helper - INFO - fetch_expenses_for_date called with 2024-08-01
2024-09-03 13:51:02,499 - db_helper - INFO - fetch_expenses_for_date called with 2024-08-01
2024-09-03 13:52:03,370 - db_helper - INFO - fetch_expenses_for_date called with 2024-08-01
2024-09-03 13:53:26,743 - db_helper - INFO - fetch_expenses_for_date called with 2024-08-01
2024-09-03 13:54:03,659 - db_helper - INFO - fetch_expenses_for_date called with 2024-08-01
2024-09-03 13:57:37,265 - db_helper - INFO - fetch_expenses_for_date called with 2024-08-01
2024-09-03 13:59:03,489 - db_helper - INFO - fetch_expenses_for_date called with 2024-08-01
2024-09-03 14:00:04,391 - db_helper - INFO - fetch_expenses_for_date called with 2024-08-01
2024-09-03 14:01:07,377 - db_helper - INFO - fetch_expenses_for_date called with 2024-08-01
2024-09-03 14:01:34,920 - db_helper - INFO - fetch_expenses_for_date called with 2024-08-01
2024-09-03 14:01:47,824 - db_helper - INFO - fetch_expenses_for_date called with 2024-08-01
2024-09-03 14:02:43,817 - db_helper - INFO - fetch_expenses_for_date called with 2024-08-01
2024-09-03 14:02:49,061 - db_helper - INFO - fetch_expenses_for_date called with 2024-08-02
2024-09-03 14:02:54,091 - db_helper - INFO - fetch_expenses_for_date called with 2024-08-07
2024-09-03 14:08:01,017 - db_helper - INFO - fetch_expenses_for_date called with 2024-08-07
2024-09-03 14:08:39,479 - db_helper - INFO - fetch_expenses_for_date called with 2024-08-07
2024-09-03 14:08:41,555 - db_helper - INFO - delete_expenses_for_date called with 2024-08-07
2024-09-03 14:08:41,565 - db_helper - INFO - insert_expense called with date: 2024-08-07, amount: 20.0, category: Shopping, notes: bought coconut
2024-09-03 14:08:41,581 - db_helper - INFO - insert_expense called with date: 2024-08-07, amount: 10.0, category: Shopping, notes: bought hair oild
2024-09-03 14:08:41,586 - db_helper - INFO - insert_expense called with date: 2024-08-07, amount: 40.0, category: Food, notes: ate pakoda
2024-09-03 14:09:05,902 - db_helper - INFO - fetch_expenses_for_date called with 2024-08-01
2024-09-03 14:09:10,568 - db_helper - INFO - fetch_expenses_for_date called with 2024-08-07
2024-09-03 14:24:39,169 - db_helper - INFO - fetch_expense_summary called with start: 2024-08-01 end: 2024-08-05
2024-09-03 14:30:03,443 - db_helper - INFO - fetch_expense_summary called with start: 2024-08-01 end: 2024-08-05
2024-09-03 14:40:30,568 - db_helper - INFO - fetch_expenses_for_date called with 2024-08-01
2024-09-03 14:41:21,967 - db_helper - INFO - fetch_expenses_for_date called with 2024-08-01
2024-09-03 14:43:12,325 - db_helper - INFO - fetch_expenses_for_date called with 2024-08-01
2024-09-03 14:43:15,409 - db_helper - INFO - fetch_expenses_for_date called with 2024-08-01
2024-09-03 14:43:17,491 - db_helper - INFO - fetch_expense_summary called with start: 2024-08-01 end: 2024-08-05
2024-09-03 14:44:48,321 - db_helper - INFO - fetch_expenses_for_date called with 2024-08-01
2024-09-03 14:44:51,086 - db_helper - INFO - fetch_expenses_for_date called with 2024-08-01
2024-09-03 14:44:53,165 - db_helper - INFO - fetch_expense_summary called with start: 2024-08-01 end: 2024-08-05
2024-09-03 14:45:51,488 - db_helper - INFO - fetch_expenses_for_date called with 2024-08-01
2024-09-03 14:45:54,316 - db_helper - INFO - fetch_expenses_for_date called with 2024-08-01
2024-09-03 14:45:56,444 - db_helper - INFO - fetch_expense_summary called with start: 2024-08-01 end: 2024-08-05
2024-09-03 14:47:15,077 - db_helper - INFO - fetch_expenses_for_date called with 2024-08-01
2024-09-03 14:47:18,864 - db_helper - INFO - fetch_expenses_for_date called with 2024-08-01
2024-09-03 14:47:20,907 - db_helper - INFO - fetch_expense_summary called with start: 2024-08-01 end: 2024-08-05
2024-09-03 14:49:43,199 - db_helper - INFO - fetch_expenses_for_date called with 2024-08-01
2024-09-03 14:49:49,055 - db_helper - INFO - fetch_expenses_for_date called with 2024-08-01
2024-09-03 14:49:51,142 - db_helper - INFO - fetch_expense_summary called with start: 2024-08-01 end: 2024-08-05
2024-09-03 14:50:31,492 - db_helper - INFO - fetch_expenses_for_date called with 2024-08-01
2024-09-03 14:50:34,719 - db_helper - INFO - fetch_expenses_for_date called with 2024-08-01
2024-09-03 14:50:36,818 - db_helper - INFO - fetch_expense_summary called with start: 2024-08-01 end: 2024-08-05
2024-09-03 16:59:07,583 - db_helper - INFO - fetch_expenses_for_date called with 2024-08-01
2024-09-03 16:59:08,307 - db_helper - INFO - fetch_expenses_for_date called with 2024-08-07
2024-09-03 18:04:04,740 - db_helper - INFO - fetch_expenses_for_date called with 2024-08-16
2024-09-03 18:04:09,935 - db_helper - INFO - fetch_expenses_for_date called with 2024-08-17
2024-09-03 18:04:14,123 - db_helper - INFO - fetch_expenses_for_date called with 2024-08-15
2024-09-03 18:04:23,283 - db_helper - INFO - fetch_expenses_for_date called with 2024-08-15
2024-09-03 18:04:25,333 - db_helper - INFO - delete_expenses_for_date called with 2024-08-15
2024-09-03 18:04:30,552 - db_helper - INFO - fetch_expenses_for_date called with 2024-08-16
2024-09-03 18:04:34,641 - db_helper - INFO - fetch_expenses_for_date called with 2024-08-15
2024-09-05 10:13:48,185 - db_helper - INFO - fetch_expense_summary_by_months
2024-09-05 10:29:11,266 - db_helper - INFO - fetch_expenses_for_date called with 2024-08-01
2024-09-05 10:29:17,102 - db_helper - INFO - fetch_expenses_for_date called with 2024-08-01
2024-09-05 10:29:19,197 - db_helper - INFO - fetch_expense_summary called with start: 2024-08-01 end: 2024-08-05
2024-09-05 10:29:21,752 - db_helper - INFO - fetch_expense_summary_by_months
2024-09-05 10:36:42,786 - db_helper - INFO - fetch_expenses_for_date called with 2024-08-01
2024-09-05 10:36:44,868 - db_helper - INFO - fetch_expense_summary_by_months
2024-09-05 10:37:32,719 - db_helper - INFO - fetch_expenses_for_date called with 2024-08-01
2024-09-05 10:37:34,784 - db_helper - INFO - fetch_expense_summary_by_months
2024-09-05 10:39:08,954 - db_helper - INFO - fetch_expenses_for_date called with 2024-08-01
2024-09-05 10:39:11,034 - db_helper - INFO - fetch_expense_summary_by_months
2024-09-05 10:40:10,765 - db_helper - INFO - fetch_expense_summary_by_months
2024-09-05 10:43:39,085 - db_helper - INFO - fetch_expenses_for_date called with 2024-08-01
2024-09-05 10:43:41,155 - db_helper - INFO - fetch_expense_summary_by_months
2024-09-05 10:44:14,705 - db_helper - INFO - fetch_expenses_for_date called with 2024-08-01
2024-09-05 10:44:16,770 - db_helper - INFO - fetch_expense_summary_by_months
2024-09-05 10:44:34,109 - db_helper - INFO - fetch_expenses_for_date called with 2024-08-01
2024-09-05 10:44:36,170 - db_helper - INFO - fetch_expense_summary called with start: 2024-08-01 end: 2024-08-05
2024-09-05 10:44:38,239 - db_helper - INFO - fetch_expense_summary_by_months
2024-09-05 10:54:51,435 - db_helper - INFO - fetch_expenses_for_date called with 2024-08-01
2024-09-05 11:39:19,512 - db_helper - INFO - fetch_expenses_for_date called with 2024-08-09
2024-09-05 11:39:21,875 - db_helper - INFO - fetch_expense_summary_by_months
2024-09-05 11:40:18,005 - db_helper - INFO - fetch_expenses_for_date called with 2024-08-09
2024-09-05 11:40:20,155 - db_helper - INFO - delete_expenses_for_date called with 2024-08-09
2024-09-05 11:40:20,189 - db_helper - INFO - insert_expense called with date: 2024-08-09, amount: 1200.0, category: Rent, notes: Monthly rent payment
2024-09-05 11:40:20,226 - db_helper - INFO - insert_expense called with date: 2024-08-09, amount: 30.0, category: Entertainment, notes: Watched RRR movie
2024-09-05 11:40:20,241 - db_helper - INFO - insert_expense called with date: 2024-08-09, amount: 20.0, category: Shopping, notes: Bought mouse pad
2024-09-05 11:40:22,319 - db_helper - INFO - fetch_expense_summary_by_months
2024-09-05 11:41:36,417 - db_helper - INFO - fetch_expenses_for_date called with 2024-08-09
2024-09-05 11:41:38,538 - db_helper - INFO - fetch_expense_summary called with start: 2024-08-01 end: 2024-08-05
2024-09-05 11:41:40,685 - db_helper - INFO - fetch_expense_summary_by_months
2025-10-09 18:44:46,659 - db_helper - INFO - fetch_expenses_for_date called with 2024-08-01
2025-10-09 18:44:49,508 - db_helper - INFO - fetch_expense_summary_by_months
2025-10-09 18:44:56,498 - db_helper - INFO - fetch_expenses_for_date called with 2024-08-02
2025-10-09 18:44:59,549 - db_helper - INFO - fetch_expense_summary_by_months
2025-10-09 19:01:38,513 - db_helper - INFO - fetch_expenses_for_date called with 2024-08-01
2025-10-09 19:01:41,097 - db_helper - INFO - fetch_expense_summary_by_months
2025-10-09 19:02:38,093 - db_helper - INFO - fetch_expenses_for_date called with 2024-08-02
2025-10-09 19:02:40,278 - db_helper - INFO - fetch_expense_summary_by_months
2025-10-09 21:17:32,346 - db_helper - INFO - fetch_expenses_for_date called with 2024-08-01
2025-10-09 21:17:34,734 - db_helper - INFO - fetch_expense_summary_by_months
2025-10-09 21:31:52,731 - db_helper - INFO - fetch_expenses_for_date called with 2024-08-01
2025-10-09 21:31:55,185 - db_helper - INFO - fetch_expense_summary_by_months
2025-10-09 21:32:01,811 - db_helper - INFO - fetch_expenses_for_date called with 2024-08-02
2025-10-09 21:32:03,936 - db_helper - INFO - fetch_expense_summary_by_months
2025-10-09 21:32:12,178 - db_helper - INFO - fetch_expenses_for_date called with 2024-08-03
2025-10-09 21:32:14,280 - db_helper - INFO - fetch_expense_summary_by_months
2025-10-09 21:32:22,702 - db_helper - INFO - fetch_expenses_for_date called with 2024-08-04
2025-10-09 21:32:24,851 - db_helper - INFO - fetch_expense_summary_by_months
2025-10-09 21:34:48,203 - db_helper - INFO - fetch_expenses_for_date called with 2024-08-04
2025-10-09 21:34:50,536 - db_helper - INFO - fetch_expense_summary_by_months
2025-10-09 21:43:27,387 - db_helper - INFO - fetch_expenses_for_date called with 2024-08-04
2025-10-09 21:43:29,841 - db_helper - INFO - fetch_expense_summary_by_months
2025-10-09 21:43:35,412 - db_helper - INFO - fetch_expenses_for_date called with 2024-08-01
2025-10-09 21:43:37,543 - db_helper - INFO - fetch_expense_summary_by_months
2025-10-09 21:43:41,450 - db_helper - INFO - fetch_expenses_for_date called with 2024-08-02
2025-10-09 21:43:43,550 - db_helper - INFO - fetch_expense_summary_by_months
2025-10-09 21:50:01,446 - db_helper - INFO - fetch_expenses_for_date called with 2024-08-02
2025-10-09 21:50:03,672 - db_helper - INFO - fetch_expense_summary_by_months
2025-10-09 21:50:08,260 - db_helper - INFO - fetch_expenses_for_date called with 2024-08-03
2025-10-09 21:50:10,344 - db_helper - INFO - fetch_expense_summary_by_months
2025-10-09 21:50:13,969 - db_helper - INFO - fetch_expenses_for_date called with 2024-08-01
2025-10-09 21:50:16,053 - db_helper - INFO - fetch_expense_summary_by_months
2025-10-09 21:50:59,868 - db_helper - INFO - fetch_expenses_for_date called with 2024-08-15
2025-10-09 21:51:10,635 - db_helper - INFO - fetch_expenses_for_date called with 2024-08-02
2025-10-09 21:54:17,104 - db_helper - INFO - fetch_expenses_for_date called with 2024-08-01
2025-10-09 21:54:19,522 - db_helper - INFO - fetch_expense_summary_by_months
2025-10-09 21:54:29,827 - db_helper - INFO - fetch_expenses_for_date called with 2024-08-02
2025-10-09 21:54:31,955 - db_helper - INFO - fetch_expense_summary_by_months
2025-10-09 21:54:36,583 - db_helper - INFO - fetch_expenses_for_date called with 2024-08-09
2025-10-09 21:54:38,717 - db_helper - INFO - fetch_expense_summary_by_months
2025-10-09 21:56:02,817 - db_helper - INFO - fetch_expenses_for_date called with 2024-08-09
2025-10-09 21:56:05,259 - db_helper - INFO - fetch_expense_summary_by_months
2025-10-09 21:56:08,868 - db_helper - INFO - fetch_expenses_for_date called with 2024-08-10
2025-10-09 21:56:11,008 - db_helper - INFO - fetch_expense_summary_by_months
2025-10-09 21:59:29,801 - db_helper - INFO - fetch_expenses_for_date called with 2024-08-10
2025-10-09 21:59:32,173 - db_helper - INFO - fetch_expense_summary_by_months
2025-10-09 21:59:36,819 - db_helper - INFO - fetch_expenses_for_date called with 2024-08-02
2025-10-09 21:59:38,940 - db_helper - INFO - fetch_expense_summary_by_months
2025-10-09 21:59:59,115 - db_helper - INFO - fetch_expenses_for_date called with 2024-08-07
2025-10-09 22:00:01,235 - db_helper - INFO - fetch_expense_summary_by_months
2025-10-09 22:00:06,927 - db_helper - INFO - fetch_expenses_for_date called with 2024-08-05
2025-10-09 22:00:09,041 - db_helper - INFO - fetch_expense_summary_by_months
2025-10-09 22:02:39,002 - db_helper - INFO - fetch_expenses_for_date called with 2024-08-05
2025-10-09 22:02:41,435 - db_helper - INFO - fetch_expense_summary_by_months
2025-10-09 22:02:49,156 - db_helper - INFO - fetch_expenses_for_date called with 2024-08-01
2025-10-09 22:02:51,277 - db_helper - INFO - fetch_expense_summary_by_months
2025-10-09 22:02:55,734 - db_helper - INFO - fetch_expenses_for_date called with 2024-08-15
2025-10-09 22:02:57,906 - db_helper - INFO - fetch_expense_summary_by_months
2025-10-09 22:03:13,975 - db_helper - INFO - fetch_expenses_for_date called with 2024-08-15
2025-10-09 22:03:16,086 - db_helper - INFO - fetch_expense_summary_by_months
2025-10-09 22:03:17,370 - db_helper - INFO - fetch_expenses_for_date called with 2024-08-15
2025-10-09 22:03:19,500 - db_helper - INFO - fetch_expense_summary_by_months
2025-10-09 22:03:19,927 - db_helper - INFO - fetch_expenses_for_date called with 2024-08-15
2025-10-09 22:03:22,061 - db_helper - INFO - fetch_expense_summary called with start: 2024-08-15 end: 2024-08-20
2025-10-09 22:03:24,166 - db_helper - INFO - fetch_expense_summary_by_months
2025-10-10 11:59:33,825 - db_helper - INFO - fetch_expenses_for_date called with 2024-08-01
2025-10-10 11:59:36,110 - db_helper - INFO - fetch_expense_summary_by_months
2025-10-10 11:59:47,132 - db_helper - INFO - fetch_expenses_for_date called with 2024-08-02
2025-10-10 11:59:49,249 - db_helper - INFO - fetch_expense_summary_by_months
2025-10-10 12:06:37,827 - db_helper - INFO - fetch_expenses_for_date called with 2024-08-02
2025-10-10 12:06:40,159 - db_helper - INFO - fetch_expense_summary called with start: 2024-08-01 end: 2024-08-05
2025-10-10 12:06:42,674 - db_helper - INFO - fetch_expense_summary_by_months
2025-10-10 12:08:50,749 - db_helper - INFO - fetch_expenses_for_date called with 2024-08-02
2025-10-10 12:08:52,741 - db_helper - INFO - fetch_expenses_for_date called with 2024-08-02
2025-10-10 12:08:54,834 - db_helper - INFO - fetch_expense_summary called with start: 2024-08-01 end: 2024-08-01
2025-10-10 12:08:56,921 - db_helper - INFO - fetch_expense_summary_by_months
2025-10-10 14:52:08,939 - db_helper - INFO - fetch_expenses_for_date called with 2024-08-01
2025-10-10 14:52:11,497 - db_helper - INFO - fetch_expense_summary_by_months
2025-10-10 15:25:03,670 - db_helper - INFO - set budget for month_year: 2024-08
2025-10-10 15:25:23,146 - db_helper - INFO - Get budget for month_year: 2024-08
2025-10-10 15:25:48,428 - db_helper - INFO - Get budget for month_year: 2024-08
2025-10-10 15:27:27,624 - db_helper - INFO - Get budget for month_year: 2024-08
2025-10-10 15:30:53,506 - db_helper - INFO - Get budget for month_year: 2024-08
2025-10-10 15:33:49,100 - db_helper - INFO - Get budget for month_year: 2024-08
2025-10-10 15:33:49,460 - db_helper - INFO - Total amount spent for month_year: 2024-08
2025-10-10 15:37:58,306 - db_helper - INFO - Get budget for month_year: 2024-08
2025-10-10 15:37:58,579 - db_helper - INFO - Total amount spent for month_year: 2024-08
2025-10-10 15:42:59,106 - db_helper - INFO - Get budget for month_year: 2024-08
2025-10-10 15:42:59,392 - db_helper - INFO - Total amount spent for month_year: 2024-08
2025-10-10 15:43:29,559 - db_helper - INFO - Get budget for month_year: 2024-08
2025-10-10 15:43:29,621 - db_helper - INFO - Total amount spent for month_year: 2024-08
2025-10-10 15:44:49,178 - db_helper - INFO - Get budget for month_year: 2024-08
2025-10-10 15:44:49,406 - db_helper - INFO - Total amount spent for month_year: 2024-08
2025-10-10 16:27:31,049 - db_helper - INFO - fetch_expenses_for_date called with 2024-08-01
2025-10-10 16:27:33,511 - db_helper - INFO - fetch_expense_summary_by_months
2025-10-10 16:27:41,519 - db_helper - INFO - fetch_expenses_for_date called with 2024-08-02
2025-10-10 16:27:43,659 - db_helper - INFO - fetch_expense_summary_by_months
2025-10-10 16:27:45,783 - db_helper - INFO - Get budget for month_year: 2024-08
2025-10-10 16:27:45,808 - db_helper - INFO - Total amount spent for month_year: 2024-08
2025-10-10 16:27:51,817 - db_helper - INFO - fetch_expenses_for_date called with 2024-08-02
2025-10-10 16:27:53,922 - db_helper - INFO - fetch_expense_summary called with start: 2024-08-01 end: 2024-08-05
2025-10-10 16:27:56,031 - db_helper - INFO - fetch_expense_summary_by_months
2025-10-10 16:27:58,122 - db_helper - INFO - Get budget for month_year: 2024-08
2025-10-10 16:27:58,180 - db_helper - INFO - Total amount spent for month_year: 2024-08
2025-10-10 16:30:34,741 - db_helper - INFO - fetch_expenses_for_date called with 2024-08-01
2025-10-10 16:30:37,052 - db_helper - INFO - fetch_expense_summary_by_months
2025-10-10 16:30:43,965 - db_helper - INFO - Get budget for month_year: 2024-08
2025-10-10 16:30:43,997 - db_helper - INFO - Total amount spent for month_year: 2024-08
2025-10-10 16:31:07,590 - db_helper - INFO - fetch_expenses_for_date called with 2024-08-01
2025-10-10 16:31:07,826 - db_helper - INFO - fetch_expenses_for_date called with 2024-08-01
2025-10-10 16:31:09,988 - db_helper - INFO - fetch_expense_summary_by_months
2025-10-10 16:31:12,092 - db_helper - INFO - Get budget for month_year: 2024-08
2025-10-10 16:31:12,113 - db_helper - INFO - Total amount spent for month_year: 2024-08
2025-10-10 16:31:14,185 - db_helper - INFO - set budget for month_year: 2024-08
2025-10-10 16:31:35,379 - db_helper - INFO - fetch_expenses_for_date called with 2024-08-01
2025-10-10 16:31:37,493 - db_helper - INFO - fetch_expense_summary_by_months
2025-10-10 16:31:39,590 - db_helper - INFO - Get budget for month_year: 2024-08
2025-10-10 16:31:39,612 - db_helper - INFO - Total amount spent for month_year: 2024-08
2025-10-10 16:44:31,196 - db_helper - INFO - fetch_expenses_for_date called with 2024-08-01
2025-10-10 16:44:34,003 - db_helper - INFO - fetch_expense_summary_by_months
2025-10-10 16:44:36,378 - db_helper - INFO - Get budget for month_year: 2024-08
2025-10-10 16:44:36,408 - db_helper - INFO - Total amount spent for month_year: 2024-08
2025-10-10 16:44:51,754 - db_helper - INFO - fetch_expenses_for_date called with 2024-08-01
2025-10-10 16:44:53,882 - db_helper - INFO - fetch_expense_summary_by_months
2025-10-10 16:44:55,997 - db_helper - INFO - Get budget for month_year: 2024-09
2025-10-10 16:44:56,015 - db_helper - INFO - Total amount spent for month_year: 2024-09
2025-10-10 16:45:10,571 - db_helper - INFO - fetch_expenses_for_date called with 2024-08-01
2025-10-10 16:45:10,770 - db_helper - INFO - fetch_expenses_for_date called with 2024-08-01
2025-10-10 16:45:12,896 - db_helper - INFO - fetch_expense_summary_by_months
2025-10-10 16:45:14,978 - db_helper - INFO - Get budget for month_year: 2024-09
2025-10-10 16:45:14,994 - db_helper - INFO - Total amount spent for month_year: 2024-09
2025-10-10 16:45:17,055 - db_helper - INFO - set budget for month_year: 2024-09
2025-10-10 16:45:19,158 - db_helper - INFO - Get budget for month_year: 2024-09
2025-10-10 16:45:19,189 - db_helper - INFO - Total amount spent for month_year: 2024-09
2025-10-10 16:54:03,288 - db_helper - INFO - fetch_expenses_for_date called with 2024-08-01
2025-10-10 16:54:05,626 - db_helper - INFO - fetch_expense_summary_by_months
2025-10-10 16:54:07,930 - db_helper - INFO - Get budget for month_year: 2024-09
2025-10-10 16:54:07,946 - db_helper - INFO - Total amount spent for month_year: 2024-09
2025-10-10 16:54:31,704 - db_helper - INFO - fetch_expenses_for_date called with 2024-08-01
2025-10-10 16:54:31,922 - db_helper - INFO - fetch_expenses_for_date called with 2024-08-01
2025-10-10 16:54:34,039 - db_helper - INFO - fetch_expense_summary_by_months
2025-10-10 16:54:36,133 - db_helper - INFO - Get budget for month_year: 2024-09
2025-10-10 16:54:36,181 - db_helper - INFO - Total amount spent for month_year: 2024-09
2025-10-10 16:54:38,266 - db_helper - INFO - set budget for month_year: 2024-09
2025-10-10 16:59:35,538 - db_helper - INFO - fetch_expenses_for_date called with 2024-08-01
2025-10-10 16:59:37,911 - db_helper - INFO - fetch_expense_summary_by_months
2025-10-10 17:01:29,912 - db_helper - INFO - fetch_expenses_for_date called with 2024-08-01
2025-10-10 17:01:32,147 - db_helper - INFO - fetch_expense_summary_by_months
2025-10-10 17:01:34,326 - db_helper - INFO - Get budget for month_year: 2024-09
2025-10-10 17:01:34,344 - db_helper - INFO - Total amount spent for month_year: 2024-09
2025-10-10 17:01:53,598 - db_helper - INFO - fetch_expenses_for_date called with 2024-08-01
2025-10-10 17:01:53,837 - db_helper - INFO - fetch_expenses_for_date called with 2024-08-01
2025-10-10 17:01:55,942 - db_helper - INFO - fetch_expense_summary_by_months
2025-10-10 17:01:58,071 - db_helper - INFO - set budget for month_year: 2024-09
2025-10-10 17:02:19,485 - db_helper - INFO - fetch_expenses_for_date called with 2024-08-01
2025-10-10 17:02:21,582 - db_helper - INFO - fetch_expense_summary_by_months
2025-10-10 17:02:23,700 - db_helper - INFO - Get budget for month_year: 2024-09
2025-10-10 17:02:23,731 - db_helper - INFO - Total amount spent for month_year: 2024-09
2025-10-10 17:04:09,348 - db_helper - INFO - fetch_expenses_for_date called with 2024-08-01
2025-10-10 17:04:11,630 - db_helper - INFO - fetch_expense_summary_by_months
2025-10-10 17:04:21,831 - db_helper - INFO - fetch_expenses_for_date called with 2024-08-01
2025-10-10 17:04:23,927 - db_helper - INFO - fetch_expense_summary_by_months
2025-10-10 17:04:30,146 - db_helper - INFO - fetch_expenses_for_date called with 2024-08-01
2025-10-10 17:04:32,237 - db_helper - INFO - fetch_expense_summary_by_months
2025-10-10 17:04:34,332 - db_helper - INFO - set budget for month_year: 2024-09
2025-10-10 17:04:36,573 - db_helper - INFO - fetch_expenses_for_date called with 2024-08-01
2025-10-10 17:04:38,692 - db_helper - INFO - fetch_expense_summary_by_months
2025-10-10 17:04:40,769 - db_helper - INFO - Get budget for month_year: 2024-09
2025-10-10 17:04:40,786 - db_helper - INFO - Total amount spent for month_year: 2024-09
2025-10-10 17:06:06,346 - db_helper - INFO - fetch_expenses_for_date called with 2024-08-01
2025-10-10 17:06:08,620 - db_helper - INFO - fetch_expense_summary_by_months
2025-10-10 17:06:12,352 - db_helper - INFO - fetch_expenses_for_date called with 2024-08-01
2025-10-10 17:06:14,448 - db_helper - INFO - fetch_expense_summary_by_months
2025-10-10 17:06:15,880 - db_helper - INFO - fetch_expenses_for_date called with 2024-08-01
2025-10-10 17:06:17,966 - db_helper - INFO - fetch_expense_summary called with start: 2024-08-18 end: 2024-08-28
2025-10-10 17:06:20,074 - db_helper - INFO - fetch_expense_summary_by_months
2025-10-10 17:06:34,044 - db_helper - INFO - fetch_expenses_for_date called with 2024-08-01
2025-10-10 17:06:35,590 - db_helper - INFO - fetch_expenses_for_date called with 2024-08-01
2025-10-10 17:06:37,691 - db_helper - INFO - fetch_expense_summary called with start: 2024-08-01 end: 2024-08-28
2025-10-10 17:06:39,792 - db_helper - INFO - fetch_expense_summary_by_months
2025-10-10 17:10:32,754 - db_helper - INFO - fetch_expenses_for_date called with 2024-08-01
2025-10-10 17:10:35,831 - db_helper - INFO - fetch_expense_summary_by_months
2025-10-10 17:10:52,036 - db_helper - INFO - fetch_expenses_for_date called with 2024-08-01
2025-10-10 17:10:52,269 - db_helper - INFO - fetch_expenses_for_date called with 2024-08-01
2025-10-10 17:10:54,364 - db_helper - INFO - fetch_expense_summary_by_months
2025-10-10 17:10:56,514 - db_helper - INFO - set budget for month_year: 2024-09
2025-10-10 17:10:58,728 - db_helper - INFO - fetch_expenses_for_date called with 2024-08-01
2025-10-10 17:11:00,845 - db_helper - INFO - fetch_expense_summary_by_months
2025-10-10 17:11:02,945 - db_helper - INFO - Get budget for month_year: 2024-09
2025-10-10 17:11:02,962 - db_helper - INFO - Total amount spent for month_year: 2024-09
2025-10-10 17:11:19,644 - db_helper - INFO - fetch_expenses_for_date called with 2024-08-01
2025-10-10 17:11:19,907 - db_helper - INFO - fetch_expenses_for_date called with 2024-08-01
2025-10-10 17:11:22,008 - db_helper - INFO - fetch_expense_summary_by_months
2025-10-10 17:11:24,091 - db_helper - INFO - set budget for month_year: 2024-09
2025-10-10 17:11:26,352 - db_helper - INFO - fetch_expenses_for_date called with 2024-08-01
2025-10-10 17:11:28,437 - db_helper - INFO - fetch_expense_summary_by_months
2025-10-10 17:11:30,518 - db_helper - INFO - Get budget for month_year: 2024-09
2025-10-10 17:11:30,534 - db_helper - INFO - Total amount spent for month_year: 2024-09
2025-10-10 17:19:05,722 - db_helper - INFO - fetch_expenses_for_date called with 2024-08-01
2025-10-10 17:19:08,056 - db_helper - INFO - fetch_expense_summary_by_months
2025-10-10 17:19:16,362 - db_helper - INFO - fetch_expenses_for_date called with 2024-08-01
2025-10-10 17:19:16,597 - db_helper - INFO - fetch_expenses_for_date called with 2024-08-01
2025-10-10 17:19:18,692 - db_helper - INFO - fetch_expense_summary_by_months
2025-10-10 17:19:20,823 - db_helper - INFO - set budget for month_year: 2024-09
2025-10-10 17:19:23,052 - db_helper - INFO - fetch_expenses_for_date called with 2024-08-01
2025-10-10 17:19:25,141 - db_helper - INFO - fetch_expense_summary_by_months
2025-10-10 17:19:27,218 - db_helper - INFO - Get budget for month_year: 2024-09
2025-10-10 17:19:27,238 - db_helper - INFO - Total amount spent for month_year: 2024-09
2025-10-10 18:11:48,083 - db_helper - INFO - fetch_expenses_for_date called with 2024-08-05
2025-10-10 18:11:50,660 - db_helper - INFO - fetch_expense_summary_by_months
2025-10-10 18:13:54,778 - db_helper - INFO - fetch_expenses_for_date called with 2024-08-05
2025-10-10 18:13:56,443 - db_helper - INFO - fetch_expenses_for_date called with 2024-08-05
2025-10-10 18:13:58,645 - db_helper - INFO - fetch_expense_summary called with start: 2024-08-01 end: 2024-08-10
2025-10-10 18:14:01,046 - db_helper - INFO - fetch_expense_summary_by_months
